<?xml version="1.0" encoding="UTF-8"?>
<!-- Generated by org.testng.reporters.JUnitXMLReporter -->
<testsuite ignored="0" hostname="priyaranjan" failures="0" tests="3" name="Default test" time="35.369" errors="0" timestamp="2022-04-24T00:01:11 IST">
  <testcase classname="testngmultimethods.logincwdwinvocationC5" name="login" time="23.299"/>
  <testcase classname="testngmultimethods.logincwdwinvocationC5" name="creatework" time="11.899"/>
  <testcase classname="testngmultimethods.logincwdwinvocationC5" name="errormessage" time="0.106"/>
</testsuite> <!-- Default test -->
