<?xml version="1.0" encoding="UTF-8"?>
<testng-results ignored="0" total="3" passed="3" failed="0" skipped="0">
  <reporter-output>
  </reporter-output>
  <suite started-at="2022-04-24T00:00:35 IST" name="Default suite" finished-at="2022-04-24T00:01:11 IST" duration-ms="35369">
    <groups>
    </groups>
    <test started-at="2022-04-24T00:00:35 IST" name="Default test" finished-at="2022-04-24T00:01:11 IST" duration-ms="35369">
      <class name="testngmultimethods.logincwdwinvocationC5">
        <test-method signature="login()[pri:1, instance:testngmultimethods.logincwdwinvocationC5@306cf3ea]" started-at="2022-04-24T00:00:35 IST" name="login" finished-at="2022-04-24T00:00:59 IST" duration-ms="23299" status="PASS">
          <reporter-output>
          </reporter-output>
        </test-method> <!-- login -->
        <test-method signature="creatework()[pri:2, instance:testngmultimethods.logincwdwinvocationC5@306cf3ea]" started-at="2022-04-24T00:00:59 IST" name="creatework" finished-at="2022-04-24T00:01:11 IST" duration-ms="11899" status="PASS">
          <reporter-output>
          </reporter-output>
        </test-method> <!-- creatework -->
        <test-method signature="errormessage()[pri:3, instance:testngmultimethods.logincwdwinvocationC5@306cf3ea]" started-at="2022-04-24T00:01:11 IST" name="errormessage" finished-at="2022-04-24T00:01:11 IST" duration-ms="106" status="PASS">
          <reporter-output>
          </reporter-output>
        </test-method> <!-- errormessage -->
      </class> <!-- testngmultimethods.logincwdwinvocationC5 -->
    </test> <!-- Default test -->
  </suite> <!-- Default suite -->
</testng-results>
